Drill report for /Users/jonlauriello/Desktop/projects/circuits/uv_led/schematic/UV_LED.kicad_pcb
Created on Tuesday, March 29, 2016 'AMt' 01:29:11 AM

Copper Layer Stackup:
    =============================================================
    L1 :  F.Cu                      front
    L2 :  B.Cu                      back


Drill file 'UV_LED.drl' contains
    plated through holes:
    =============================================================
    T1  0.76mm  0.030"  (11 holes)
    T2  0.81mm  0.032"  (8 holes)
    T3  1.02mm  0.040"  (43 holes)
    T4  1.20mm  0.047"  (10 holes)
    T5  2.30mm  0.091"  (2 holes)
    T6  2.50mm  0.098"  (4 holes)
    T7  2.50mm  0.098"  (4 holes)
    T8  2.60mm  0.102"  (2 holes)
    T9  4.00mm  0.157"  (4 holes)

    Total plated holes count 88


Drill file 'UV_LED-NPTH.drl' contains
    unplated through holes:
    =============================================================

    Total unplated holes count 0
